Arguments: 
  /snap/node/3128/bin/node /snap/node/3128/bin/yarn.js global dir

PATH: 
  /usr/local/sbin:/usr/local/bin:/usr/sbin:/usr/bin:/sbin:/bin:/usr/games:/usr/local/games:/snap/bin

Yarn version: 
  1.22.5

Node version: 
  12.19.0

Platform: 
  linux x64

Trace: 
  Error: EACCES: permission denied, write
      at writeSync (fs.js:679:3)
      at SyncWriteStream._write (internal/fs/sync_write_stream.js:24:3)
      at doWrite (_stream_writable.js:403:12)
      at writeOrBuffer (_stream_writable.js:387:5)
      at SyncWriteStream.Writable.write (_stream_writable.js:318:11)
      at ConsoleReporter._log (/snap/node/3128/lib/cli.js:96770:17)
      at ConsoleReporter.log (/snap/node/3128/lib/cli.js:96758:10)
      at dir (/snap/node/3128/lib/cli.js:36256:14)
      at Object.<anonymous> (/snap/node/3128/lib/cli.js:25940:25)
      at Generator.next (<anonymous>)

npm manifest: 
  {
    "name": "deal-2-mart-restapi",
    "version": "0.0.0",
    "main": "src",
    "private": true,
    "scripts": {
      "start": "npm run dev",
      "test": "jest",
      "coverage": "npm test -- --coverage",
      "postcoverage": "opn coverage/lcov-report/index.html",
      "dev": "nodemon -i \"*.test.js\" .",
      "prod": "cross-env NODE_ENV=production nodemon -i \"*.test.js\" -r dotenv-safe/config .",
      "lint": "eslint src",
      "docs": "apidoc -i src -o docs && apidoc-markdown -p docs -o DOCS.md",
      "postdocs": "open-cli docs/index.html"
    },
    "jest": {
      "testEnvironment": "node",
      "setupFilesAfterEnv": [
        "<rootDir>/test/setup.js"
      ]
    },
    "devDependencies": {
      "apidoc": "^0.20.0",
      "apidoc-markdown": "^0.2.1",
      "babel-eslint": "^10.1.0",
      "babel-jest": "^25.1.0",
      "cross-env": "^7.0.2",
      "deepmerge": "^4.2.2",
      "dotenv-safe": "^8.2.0",
      "eslint": "^6.8.0",
      "eslint-config-standard": "^14.1.0",
      "eslint-plugin-import": "^2.20.0",
      "eslint-plugin-node": "^11.0.0",
      "eslint-plugin-promise": "^4.2.0",
      "eslint-plugin-standard": "^4.0.1",
      "fibers": "^5.0.0",
      "jest-cli": "^25.1.0",
      "mongodb-memory-server": "^6.3.3",
      "nock": "^12.0.2",
      "open-cli": "^6.0.0",
      "sass": "^1.26.10",
      "sass-loader": "^10.0.2",
      "sinon": "^4.0.1",
      "supertest": "^4.0.2"
    },
    "dependencies": {
      "@babel/core": "^7.8.4",
      "@babel/plugin-proposal-export-default-from": "^7.8.3",
      "@babel/plugin-transform-runtime": "^7.8.3",
      "@babel/preset-env": "^7.8.4",
      "@babel/register": "^7.8.3",
      "@babel/runtime": "^7.8.4",
      "@sendgrid/mail": "^6.5.4",
      "bcrypt": "^4.0.1",
      "bluebird": "^3.7.2",
      "body-parser": "^1.19.0",
      "bodymen": "^1.1.1",
      "cloudinary": "^1.23.0",
      "compression": "^1.7.4",
      "core-js": "^3.6.5",
      "cors": "^2.8.5",
      "express": "^4.17.1",
      "jsonwebtoken": "^8.5.1",
      "mongoose": "^5.9.4",
      "mongoose-keywords": "^0.4.0",
      "morgan": "^1.9.1",
      "multer": "^1.4.2",
      "multer-storage-cloudinary": "^4.0.0",
      "nodemon": "^2.0.2",
      "passport": "^0.4.1",
      "passport-http": "^0.3.0",
      "passport-http-bearer": "^1.0.1",
      "passport-jwt": "^4.0.0",
      "querymen": "^2.1.4",
      "rand-token": "^0.4.0",
      "request": "^2.88.2",
      "request-promise": "^4.2.5",
      "yo": "^3.1.1"
    }
  }

yarn manifest: 
  No manifest

Lockfile: 
  No lockfile
